<?xml version="1.0" encoding="UTF-8"?>
<!-- Generated by org.testng.reporters.JUnitReportReporter -->
<testsuite hostname="prashant-PC" failures="0" tests="2" name="mvnjavaseleniumpkg.TestChrome" time="2.117" errors="0" timestamp="2019-09-03T14:41:25 IST" skipped="0">
  <testcase classname="mvnjavaseleniumpkg.TestChrome" name="chrome" time="0.043"/>
  <testcase classname="mvnjavaseleniumpkg.TestChrome" name="backspace" time="2.074"/>
</testsuite> <!-- mvnjavaseleniumpkg.TestChrome -->
