<?xml version="1.0" encoding="UTF-8"?>
<!-- Generated by org.testng.reporters.JUnitReportReporter -->
<testsuite hostname="prashant-PC" failures="0" tests="1" name="mvnjavaseleniumpkg.Calling" time="1.373" errors="0" timestamp="2019-09-06T00:29:43 IST" skipped="0">
  <testcase classname="mvnjavaseleniumpkg.Calling" name="call" time="1.373"/>
</testsuite> <!-- mvnjavaseleniumpkg.Calling -->
